[INFO][20-11-09][com.bes.mybatis04.mapper.PeopleMapperTest]info: into logTest
[DEBUG][20-11-09][com.bes.mybatis04.mapper.PeopleMapperTest]debug: into logTest
[ERROR][20-11-09][com.bes.mybatis04.mapper.PeopleMapperTest]error: into logTest
[DEBUG][20-11-09][org.apache.ibatis.logging.LogFactory]Logging initialized using 'class org.apache.ibatis.logging.log4j.Log4jImpl' adapter.
[DEBUG][20-11-09][org.apache.ibatis.logging.LogFactory]Logging initialized using 'class org.apache.ibatis.logging.log4j.Log4jImpl' adapter.
[DEBUG][20-11-09][org.apache.ibatis.datasource.pooled.PooledDataSource]PooledDataSource forcefully closed/removed all connections.
[DEBUG][20-11-09][org.apache.ibatis.datasource.pooled.PooledDataSource]PooledDataSource forcefully closed/removed all connections.
[DEBUG][20-11-09][org.apache.ibatis.datasource.pooled.PooledDataSource]PooledDataSource forcefully closed/removed all connections.
[DEBUG][20-11-09][org.apache.ibatis.datasource.pooled.PooledDataSource]PooledDataSource forcefully closed/removed all connections.
[DEBUG][20-11-09][org.apache.ibatis.logging.LogFactory]Logging initialized using 'class org.apache.ibatis.logging.log4j.Log4jImpl' adapter.
[DEBUG][20-11-09][org.apache.ibatis.logging.LogFactory]Logging initialized using 'class org.apache.ibatis.logging.log4j.Log4jImpl' adapter.
[DEBUG][20-11-09][org.apache.ibatis.datasource.pooled.PooledDataSource]PooledDataSource forcefully closed/removed all connections.
[DEBUG][20-11-09][org.apache.ibatis.datasource.pooled.PooledDataSource]PooledDataSource forcefully closed/removed all connections.
[DEBUG][20-11-09][org.apache.ibatis.datasource.pooled.PooledDataSource]PooledDataSource forcefully closed/removed all connections.
[DEBUG][20-11-09][org.apache.ibatis.datasource.pooled.PooledDataSource]PooledDataSource forcefully closed/removed all connections.
[DEBUG][20-11-09][org.apache.ibatis.logging.LogFactory]Logging initialized using 'class org.apache.ibatis.logging.log4j.Log4jImpl' adapter.
[DEBUG][20-11-09][org.apache.ibatis.logging.LogFactory]Logging initialized using 'class org.apache.ibatis.logging.log4j.Log4jImpl' adapter.
[DEBUG][20-11-09][org.apache.ibatis.datasource.pooled.PooledDataSource]PooledDataSource forcefully closed/removed all connections.
[DEBUG][20-11-09][org.apache.ibatis.datasource.pooled.PooledDataSource]PooledDataSource forcefully closed/removed all connections.
[DEBUG][20-11-09][org.apache.ibatis.datasource.pooled.PooledDataSource]PooledDataSource forcefully closed/removed all connections.
[DEBUG][20-11-09][org.apache.ibatis.datasource.pooled.PooledDataSource]PooledDataSource forcefully closed/removed all connections.
[DEBUG][20-11-09][org.apache.ibatis.logging.LogFactory]Logging initialized using 'class org.apache.ibatis.logging.log4j.Log4jImpl' adapter.
[DEBUG][20-11-09][org.apache.ibatis.logging.LogFactory]Logging initialized using 'class org.apache.ibatis.logging.log4j.Log4jImpl' adapter.
[DEBUG][20-11-09][org.apache.ibatis.datasource.pooled.PooledDataSource]PooledDataSource forcefully closed/removed all connections.
[DEBUG][20-11-09][org.apache.ibatis.datasource.pooled.PooledDataSource]PooledDataSource forcefully closed/removed all connections.
[DEBUG][20-11-09][org.apache.ibatis.datasource.pooled.PooledDataSource]PooledDataSource forcefully closed/removed all connections.
[DEBUG][20-11-09][org.apache.ibatis.datasource.pooled.PooledDataSource]PooledDataSource forcefully closed/removed all connections.
[DEBUG][20-11-09][org.apache.ibatis.transaction.jdbc.JdbcTransaction]Opening JDBC Connection
[DEBUG][20-11-09][org.apache.ibatis.datasource.pooled.PooledDataSource]Created connection 422392391.
[DEBUG][20-11-09][org.apache.ibatis.transaction.jdbc.JdbcTransaction]Setting autocommit to false on JDBC Connection [com.mysql.jdbc.JDBC4Connection@192d3247]
[DEBUG][20-11-09][com.bes.mybatis04.mapper.PeopleMapper.getAllPeople]==>  Preparing: select * from people; 
[DEBUG][20-11-09][com.bes.mybatis04.mapper.PeopleMapper.getAllPeople]==> Parameters: 
[DEBUG][20-11-09][com.bes.mybatis04.mapper.PeopleMapper.getAllPeople]<==      Total: 2
[DEBUG][20-11-09][org.apache.ibatis.transaction.jdbc.JdbcTransaction]Resetting autocommit to true on JDBC Connection [com.mysql.jdbc.JDBC4Connection@192d3247]
[DEBUG][20-11-09][org.apache.ibatis.transaction.jdbc.JdbcTransaction]Closing JDBC Connection [com.mysql.jdbc.JDBC4Connection@192d3247]
[DEBUG][20-11-09][org.apache.ibatis.datasource.pooled.PooledDataSource]Returned connection 422392391 to pool.
[DEBUG][20-11-09][org.apache.ibatis.logging.LogFactory]Logging initialized using 'class org.apache.ibatis.logging.log4j.Log4jImpl' adapter.
[DEBUG][20-11-09][org.apache.ibatis.logging.LogFactory]Logging initialized using 'class org.apache.ibatis.logging.log4j.Log4jImpl' adapter.
[DEBUG][20-11-09][org.apache.ibatis.datasource.pooled.PooledDataSource]PooledDataSource forcefully closed/removed all connections.
[DEBUG][20-11-09][org.apache.ibatis.datasource.pooled.PooledDataSource]PooledDataSource forcefully closed/removed all connections.
[DEBUG][20-11-09][org.apache.ibatis.datasource.pooled.PooledDataSource]PooledDataSource forcefully closed/removed all connections.
[DEBUG][20-11-09][org.apache.ibatis.datasource.pooled.PooledDataSource]PooledDataSource forcefully closed/removed all connections.
[DEBUG][20-11-09][org.apache.ibatis.transaction.jdbc.JdbcTransaction]Opening JDBC Connection
[DEBUG][20-11-09][org.apache.ibatis.datasource.pooled.PooledDataSource]Created connection 1053631449.
[DEBUG][20-11-09][org.apache.ibatis.transaction.jdbc.JdbcTransaction]Setting autocommit to false on JDBC Connection [com.mysql.jdbc.JDBC4Connection@3ecd23d9]
[DEBUG][20-11-09][com.bes.mybatis04.mapper.PeopleMapper.getPeopleLimit]==>  Preparing: select * from people limit ?, ?; 
[DEBUG][20-11-09][com.bes.mybatis04.mapper.PeopleMapper.getPeopleLimit]==> Parameters: 0(Integer), 1(Integer)
[DEBUG][20-11-09][com.bes.mybatis04.mapper.PeopleMapper.getPeopleLimit]<==      Total: 1
[INFO][20-11-09][com.bes.mybatis04.mapper.PeopleMapperTest]People{id=1, name='penggaoli', pwd='pengPeng123@', email='peng@163.com'}
[DEBUG][20-11-09][org.apache.ibatis.transaction.jdbc.JdbcTransaction]Resetting autocommit to true on JDBC Connection [com.mysql.jdbc.JDBC4Connection@3ecd23d9]
[DEBUG][20-11-09][org.apache.ibatis.transaction.jdbc.JdbcTransaction]Closing JDBC Connection [com.mysql.jdbc.JDBC4Connection@3ecd23d9]
[DEBUG][20-11-09][org.apache.ibatis.datasource.pooled.PooledDataSource]Returned connection 1053631449 to pool.
[DEBUG][20-11-09][org.apache.ibatis.logging.LogFactory]Logging initialized using 'class org.apache.ibatis.logging.log4j.Log4jImpl' adapter.
[DEBUG][20-11-09][org.apache.ibatis.logging.LogFactory]Logging initialized using 'class org.apache.ibatis.logging.log4j.Log4jImpl' adapter.
[DEBUG][20-11-09][org.apache.ibatis.datasource.pooled.PooledDataSource]PooledDataSource forcefully closed/removed all connections.
[DEBUG][20-11-09][org.apache.ibatis.datasource.pooled.PooledDataSource]PooledDataSource forcefully closed/removed all connections.
[DEBUG][20-11-09][org.apache.ibatis.datasource.pooled.PooledDataSource]PooledDataSource forcefully closed/removed all connections.
[DEBUG][20-11-09][org.apache.ibatis.datasource.pooled.PooledDataSource]PooledDataSource forcefully closed/removed all connections.
[DEBUG][20-11-09][org.apache.ibatis.transaction.jdbc.JdbcTransaction]Opening JDBC Connection
[DEBUG][20-11-09][org.apache.ibatis.datasource.pooled.PooledDataSource]Created connection 1053631449.
[DEBUG][20-11-09][org.apache.ibatis.transaction.jdbc.JdbcTransaction]Setting autocommit to false on JDBC Connection [com.mysql.jdbc.JDBC4Connection@3ecd23d9]
[DEBUG][20-11-09][com.bes.mybatis04.mapper.PeopleMapper.getPeopleLimit]==>  Preparing: select * from people limit ?, ?; 
[DEBUG][20-11-09][com.bes.mybatis04.mapper.PeopleMapper.getPeopleLimit]==> Parameters: 0(Integer), 2(Integer)
[DEBUG][20-11-09][com.bes.mybatis04.mapper.PeopleMapper.getPeopleLimit]<==      Total: 2
[INFO][20-11-09][com.bes.mybatis04.mapper.PeopleMapperTest]People{id=1, name='penggaoli', pwd='pengPeng123@', email='peng@163.com'}
[INFO][20-11-09][com.bes.mybatis04.mapper.PeopleMapperTest]People{id=3, name='彭高历', pwd='123123', email='12313@qq.com'}
[DEBUG][20-11-09][org.apache.ibatis.transaction.jdbc.JdbcTransaction]Resetting autocommit to true on JDBC Connection [com.mysql.jdbc.JDBC4Connection@3ecd23d9]
[DEBUG][20-11-09][org.apache.ibatis.transaction.jdbc.JdbcTransaction]Closing JDBC Connection [com.mysql.jdbc.JDBC4Connection@3ecd23d9]
[DEBUG][20-11-09][org.apache.ibatis.datasource.pooled.PooledDataSource]Returned connection 1053631449 to pool.
[DEBUG][20-11-09][org.apache.ibatis.logging.LogFactory]Logging initialized using 'class org.apache.ibatis.logging.log4j.Log4jImpl' adapter.
[DEBUG][20-11-09][org.apache.ibatis.logging.LogFactory]Logging initialized using 'class org.apache.ibatis.logging.log4j.Log4jImpl' adapter.
[DEBUG][20-11-09][org.apache.ibatis.datasource.pooled.PooledDataSource]PooledDataSource forcefully closed/removed all connections.
[DEBUG][20-11-09][org.apache.ibatis.datasource.pooled.PooledDataSource]PooledDataSource forcefully closed/removed all connections.
[DEBUG][20-11-09][org.apache.ibatis.datasource.pooled.PooledDataSource]PooledDataSource forcefully closed/removed all connections.
[DEBUG][20-11-09][org.apache.ibatis.datasource.pooled.PooledDataSource]PooledDataSource forcefully closed/removed all connections.
[DEBUG][20-11-09][org.apache.ibatis.transaction.jdbc.JdbcTransaction]Opening JDBC Connection
[DEBUG][20-11-09][org.apache.ibatis.datasource.pooled.PooledDataSource]Created connection 1053631449.
[DEBUG][20-11-09][org.apache.ibatis.transaction.jdbc.JdbcTransaction]Setting autocommit to false on JDBC Connection [com.mysql.jdbc.JDBC4Connection@3ecd23d9]
[DEBUG][20-11-09][com.bes.mybatis04.mapper.PeopleMapper.getPeopleLimit]==>  Preparing: select * from people limit ?, ?; 
[DEBUG][20-11-09][com.bes.mybatis04.mapper.PeopleMapper.getPeopleLimit]==> Parameters: 0(Integer), 2(Integer)
[DEBUG][20-11-09][com.bes.mybatis04.mapper.PeopleMapper.getPeopleLimit]<==      Total: 2
[INFO][20-11-09][com.bes.mybatis04.mapper.PeopleMapperTest]People{id=1, name='penggaoli', pwd='pengPeng123@', email='peng@163.com'}
[INFO][20-11-09][com.bes.mybatis04.mapper.PeopleMapperTest]People{id=3, name='彭高历', pwd='123123', email='12313@qq.com'}
[DEBUG][20-11-09][org.apache.ibatis.transaction.jdbc.JdbcTransaction]Resetting autocommit to true on JDBC Connection [com.mysql.jdbc.JDBC4Connection@3ecd23d9]
[DEBUG][20-11-09][org.apache.ibatis.transaction.jdbc.JdbcTransaction]Closing JDBC Connection [com.mysql.jdbc.JDBC4Connection@3ecd23d9]
[DEBUG][20-11-09][org.apache.ibatis.datasource.pooled.PooledDataSource]Returned connection 1053631449 to pool.
